03.03.16 15:29:13 OP: Sending data sucessfull
03.03.16 15:29:13 OP: Receiving data
03.03.16 15:29:13 OP: Receiving data sucessfull
03.03.16 15:29:13 Receiving code: 0x1
03.03.16 15:29:13 OP: Receiving data
03.03.16 15:29:13 OP: Receiving data sucessfull
03.03.16 15:29:13 Sending data: "C51,1,974,2,32,16,0.000000,60.000001,0"
03.03.16 15:29:13 OP: Sending data
03.03.16 15:29:13 OP: Sending data sucessfull
03.03.16 15:29:13 OP: Receiving data
03.03.16 15:29:13 OP: Receiving data sucessfull
03.03.16 15:29:13 Receiving code: 0x1
03.03.16 15:29:13 OP: Receiving data
03.03.16 15:29:13 OP: Receiving data sucessfull
03.03.16 15:29:13 Sending data: "C51,1,974,2,32,16,0.000000,60.000001,0"
03.03.16 15:29:13 OP: Sending data
03.03.16 15:29:13 OP: Sending data sucessfull
03.03.16 15:29:13 OP: Receiving data
03.03.16 15:29:13 OP: Receiving data sucessfull
03.03.16 15:29:13 Receiving code: 0x1
03.03.16 15:29:13 OP: Receiving data
03.03.16 15:29:13 OP: Receiving data sucessfull
03.03.16 15:29:13 Sending data: "C51,1,974,2,32,16,0.000000,60.000001,0"
03.03.16 15:29:13 OP: Sending data
03.03.16 15:29:13 OP: Sending data sucessfull
03.03.16 15:29:13 OP: Receiving data
03.03.16 15:29:13 OP: Receiving data sucessfull
03.03.16 15:29:13 Receiving code: 0x1
03.03.16 15:29:13 OP: Receiving data
03.03.16 15:29:13 OP: Receiving data sucessfull
03.03.16 15:29:13 Sending data: "C51,1,974,2,32,16,0.000000,60.000001,0"
03.03.16 15:29:13 OP: Sending data
03.03.16 15:29:13 OP: Sending data sucessfull
03.03.16 15:29:13 OP: Receiving data
03.03.16 15:29:13 OP: Receiving data sucessfull
03.03.16 15:29:13 Receiving code: 0x1
03.03.16 15:29:13 OP: Receiving data
03.03.16 15:29:13 OP: Receiving data sucessfull
03.03.16 15:29:13 Sending data: "C51,1,974,2,32,16,0.000000,60.000001,0"
03.03.16 15:29:13 OP: Sending data
03.03.16 15:29:13 OP: Sending data sucessfull
03.03.16 15:29:13 OP: Receiving data
03.03.16 15:29:13 OP: Receiving data sucessfull
03.03.16 15:29:13 Receiving code: 0x1
03.03.16 15:29:13 OP: Receiving data
03.03.16 15:29:13 OP: Receiving data sucessfull
03.03.16 15:29:13 Sending data: "C51,1,974,2,32,16,0.000000,60.000001,0"
03.03.16 15:29:13 OP: Sending data
03.03.16 15:29:13 OP: Sending data sucessfull
03.03.16 15:29:13 OP: Receiving data
03.03.16 15:29:13 OP: Receiving data sucessfull
03.03.16 15:29:13 Receiving code: 0x1
03.03.16 15:29:13 OP: Receiving data
03.03.16 15:29:13 OP: Receiving data sucessfull
03.03.16 15:29:13 Sending data: "C51,1,974,2,32,16,0.000000,60.000001,0"
03.03.16 15:29:13 OP: Sending data
03.03.16 15:29:13 OP: Sending data sucessfull
03.03.16 15:29:13 OP: Receiving data
03.03.16 15:29:13 OP: Receiving data sucessfull
03.03.16 15:29:13 Receiving code: 0x1
03.03.16 15:29:13 OP: Receiving data
03.03.16 15:29:13 OP: Receiving data sucessfull
03.03.16 15:29:13 Sending data: "C51,1,974,2,32,16,0.000000,60.000001,0"
03.03.16 15:29:13 OP: Sending data
03.03.16 15:29:13 OP: Sending data sucessfull
03.03.16 15:29:13 OP: Receiving data
03.03.16 15:29:13 OP: Receiving data sucessfull
03.03.16 15:29:13 Receiving code: 0x1
03.03.16 15:29:13 OP: Receiving data
03.03.16 15:29:13 OP: Receiving data sucessfull
03.03.16 15:29:13 Sending data: "C51,1,974,2,32,16,0.000000,60.000001,0"
03.03.16 15:29:13 OP: Sending data
03.03.16 15:29:13 OP: Sending data sucessfull
03.03.16 15:29:13 OP: Receiving data
03.03.16 15:29:13 OP: Receiving data sucessfull
03.03.16 15:29:13 Receiving code: 0x1
03.03.16 15:29:13 OP: Receiving data
03.03.16 15:29:13 OP: Receiving data sucessfull
03.03.16 15:29:13 Sending data: "C51,1,974,2,32,16,0.000000,60.000001,0"
03.03.16 15:29:13 OP: Sending data
03.03.16 15:29:13 OP: Sending data sucessfull
03.03.16 15:29:13 OP: Receiving data
03.03.16 15:29:13 OP: Receiving data sucessfull
03.03.16 15:29:13 Receiving code: 0x1
03.03.16 15:29:13 OP: Receiving data
03.03.16 15:29:14 OP: Receiving data sucessfull
03.03.16 15:29:14 Sending data: "C51,1,974,2,32,16,0.000000,60.000001,0"
03.03.16 15:29:14 OP: Sending data
03.03.16 15:29:14 OP: Sending data sucessfull
03.03.16 15:29:14 OP: Receiving data
03.03.16 15:29:14 OP: Receiving data sucessfull
03.03.16 15:29:14 Receiving code: 0x1
03.03.16 15:29:14 OP: Receiving data
03.03.16 15:29:14 OP: Receiving data sucessfull
03.03.16 15:29:14 Sending data: "C51,1,974,2,32,16,0.000000,60.000001,0"
03.03.16 15:29:14 OP: Sending data
03.03.16 15:29:14 OP: Sending data sucessfull
03.03.16 15:29:14 OP: Receiving data
03.03.16 15:29:14 OP: Receiving data sucessfull
03.03.16 15:29:14 Receiving code: 0x1
03.03.16 15:29:14 OP: Receiving data
